# JRE version: Java(TM) SE Runtime Environment (8.0_45-b15) (build 1.8.0_45-b15)
# Java VM: Java HotSpot(TM) 64-Bit Server VM (25.45-b02 mixed mode windows-amd64 compressed oops)
Heap:
 PSYoungGen      total 300544K, used 153550K [0x00000000d5580000, 0x00000000ed200000, 0x0000000100000000)
  eden space 291840K, 49% used [0x00000000d5580000,0x00000000de3afdf0,0x00000000e7280000)
  from space 8704K, 91% used [0x00000000e7280000,0x00000000e7a43aa8,0x00000000e7b00000)
  to   space 9216K, 0% used [0x00000000ec900000,0x00000000ec900000,0x00000000ed200000)
 ParOldGen       total 78848K, used 10876K [0x0000000080000000, 0x0000000084d00000, 0x00000000d5580000)
  object space 78848K, 13% used [0x0000000080000000,0x0000000080a9f198,0x0000000084d00000)
 Metaspace       used 44417K, capacity 45398K, committed 45656K, reserved 1089536K
  class space    used 4970K, capacity 5213K, committed 5248K, reserved 1048576K
GC Heap History (10 events):
Event: 14.855 GC heap before
{Heap before GC invocations=11 (full 1):
 PSYoungGen      total 184832K, used 178240K [0x00000000d5580000, 0x00000000e4a00000, 0x0000000100000000)
  eden space 176640K, 100% used [0x00000000d5580000,0x00000000e0200000,0x00000000e0200000)
  from space 8192K, 19% used [0x00000000e0200000,0x00000000e0390020,0x00000000e0a00000)
  to   space 8704K, 0% used [0x00000000e4180000,0x00000000e4180000,0x00000000e4a00000)
 ParOldGen       total 53760K, used 9331K [0x0000000080000000, 0x0000000083480000, 0x00000000d5580000)
  object space 53760K, 17% used [0x0000000080000000,0x000000008091cd68,0x0000000083480000)
 Metaspace       used 30784K, capacity 31122K, committed 31360K, reserved 1077248K
  class space    used 3254K, capacity 3350K, committed 3456K, reserved 1048576K
Event: 14.862 GC heap after
Heap after GC invocations=11 (full 1):
 PSYoungGen      total 230400K, used 1316K [0x00000000d5580000, 0x00000000e4480000, 0x0000000100000000)
  eden space 227328K, 0% used [0x00000000d5580000,0x00000000d5580000,0x00000000e3380000)
  from space 3072K, 42% used [0x00000000e4180000,0x00000000e42c9178,0x00000000e4480000)
  to   space 8704K, 0% used [0x00000000e3380000,0x00000000e3380000,0x00000000e3c00000)
 ParOldGen       total 53760K, used 10003K [0x0000000080000000, 0x0000000083480000, 0x00000000d5580000)
  object space 53760K, 18% used [0x0000000080000000,0x00000000809c4d78,0x0000000083480000)
 Metaspace       used 30784K, capacity 31122K, committed 31360K, reserved 1077248K
  class space    used 3254K, capacity 3350K, committed 3456K, reserved 1048576K
}
Event: 18.277 GC heap before
{Heap before GC invocations=12 (full 1):
 PSYoungGen      total 230400K, used 228644K [0x00000000d5580000, 0x00000000e4480000, 0x0000000100000000)
  eden space 227328K, 100% used [0x00000000d5580000,0x00000000e3380000,0x00000000e3380000)
  from space 3072K, 42% used [0x00000000e4180000,0x00000000e42c9178,0x00000000e4480000)
  to   space 8704K, 0% used [0x00000000e3380000,0x00000000e3380000,0x00000000e3c00000)
 ParOldGen       total 53760K, used 10003K [0x0000000080000000, 0x0000000083480000, 0x00000000d5580000)
  object space 53760K, 18% used [0x0000000080000000,0x00000000809c4d78,0x0000000083480000)
 Metaspace       used 33990K, capacity 34322K, committed 34560K, reserved 1079296K
  class space    used 3639K, capacity 3753K, committed 3840K, reserved 1048576K
Event: 18.338 GC heap after
Heap after GC invocations=12 (full 1):
 PSYoungGen      total 236032K, used 5415K [0x00000000d5580000, 0x00000000e8700000, 0x0000000100000000)
  eden space 227328K, 0% used [0x00000000d5580000,0x00000000d5580000,0x00000000e3380000)
  from space 8704K, 62% used [0x00000000e3380000,0x00000000e38c9fc8,0x00000000e3c00000)
  to   space 8704K, 0% used [0x00000000e7e80000,0x00000000e7e80000,0x00000000e8700000)
 ParOldGen       total 53760K, used 10003K [0x0000000080000000, 0x0000000083480000, 0x00000000d5580000)
  object space 53760K, 18% used [0x0000000080000000,0x00000000809c4d78,0x0000000083480000)
 Metaspace       used 33990K, capacity 34322K, committed 34560K, reserved 1079296K
  class space    used 3639K, capacity 3753K, committed 3840K, reserved 1048576K
}
Event: 19.970 GC heap before
{Heap before GC invocations=13 (full 1):
 PSYoungGen      total 236032K, used 14518K [0x00000000d5580000, 0x00000000e8700000, 0x0000000100000000)
  eden space 227328K, 4% used [0x00000000d5580000,0x00000000d5e63c28,0x00000000e3380000)
  from space 8704K, 62% used [0x00000000e3380000,0x00000000e38c9fc8,0x00000000e3c00000)
  to   space 8704K, 0% used [0x00000000e7e80000,0x00000000e7e80000,0x00000000e8700000)
 ParOldGen       total 53760K, used 10003K [0x0000000080000000, 0x0000000083480000, 0x00000000d5580000)
  object space 53760K, 18% used [0x0000000080000000,0x00000000809c4d78,0x0000000083480000)
 Metaspace       used 34804K, capacity 35122K, committed 35416K, reserved 1081344K
  class space    used 3727K, capacity 3849K, committed 3968K, reserved 1048576K
Event: 19.983 GC heap after
Heap after GC invocations=13 (full 1):
 PSYoungGen      total 296960K, used 3431K [0x00000000d5580000, 0x00000000e8380000, 0x0000000100000000)
  eden space 291840K, 0% used [0x00000000d5580000,0x00000000d5580000,0x00000000e7280000)
  from space 5120K, 67% used [0x00000000e7e80000,0x00000000e81d9d38,0x00000000e8380000)
  to   space 8704K, 0% used [0x00000000e7280000,0x00000000e7280000,0x00000000e7b00000)
 ParOldGen       total 53760K, used 10168K [0x0000000080000000, 0x0000000083480000, 0x00000000d5580000)
  object space 53760K, 18% used [0x0000000080000000,0x00000000809ee188,0x0000000083480000)
 Metaspace       used 34804K, capacity 35122K, committed 35416K, reserved 1081344K
  class space    used 3727K, capacity 3849K, committed 3968K, reserved 1048576K
}
Event: 19.983 GC heap before
{Heap before GC invocations=14 (full 2):
 PSYoungGen      total 296960K, used 3431K [0x00000000d5580000, 0x00000000e8380000, 0x0000000100000000)
  eden space 291840K, 0% used [0x00000000d5580000,0x00000000d5580000,0x00000000e7280000)
  from space 5120K, 67% used [0x00000000e7e80000,0x00000000e81d9d38,0x00000000e8380000)
  to   space 8704K, 0% used [0x00000000e7280000,0x00000000e7280000,0x00000000e7b00000)
 ParOldGen       total 53760K, used 10168K [0x0000000080000000, 0x0000000083480000, 0x00000000d5580000)
  object space 53760K, 18% used [0x0000000080000000,0x00000000809ee188,0x0000000083480000)
 Metaspace       used 34804K, capacity 35122K, committed 35416K, reserved 1081344K
  class space    used 3727K, capacity 3849K, committed 3968K, reserved 1048576K
Event: 20.105 GC heap after
Heap after GC invocations=14 (full 2):
 PSYoungGen      total 296960K, used 0K [0x00000000d5580000, 0x00000000e8380000, 0x0000000100000000)
  eden space 291840K, 0% used [0x00000000d5580000,0x00000000d5580000,0x00000000e7280000)
  from space 5120K, 0% used [0x00000000e7e80000,0x00000000e7e80000,0x00000000e8380000)
  to   space 8704K, 0% used [0x00000000e7280000,0x00000000e7280000,0x00000000e7b00000)
 ParOldGen       total 78848K, used 10868K [0x0000000080000000, 0x0000000084d00000, 0x00000000d5580000)
  object space 78848K, 13% used [0x0000000080000000,0x0000000080a9d198,0x0000000084d00000)
 Metaspace       used 34804K, capacity 35122K, committed 35416K, reserved 1081344K
  class space    used 3727K, capacity 3849K, committed 3968K, reserved 1048576K
}
Event: 67.948 GC heap before
{Heap before GC invocations=15 (full 2):
 PSYoungGen      total 296960K, used 291840K [0x00000000d5580000, 0x00000000e8380000, 0x0000000100000000)
  eden space 291840K, 100% used [0x00000000d5580000,0x00000000e7280000,0x00000000e7280000)
  from space 5120K, 0% used [0x00000000e7e80000,0x00000000e7e80000,0x00000000e8380000)
  to   space 8704K, 0% used [0x00000000e7280000,0x00000000e7280000,0x00000000e7b00000)
 ParOldGen       total 78848K, used 10868K [0x0000000080000000, 0x0000000084d00000, 0x00000000d5580000)
  object space 78848K, 13% used [0x0000000080000000,0x0000000080a9d198,0x0000000084d00000)
 Metaspace       used 42312K, capacity 43230K, committed 43352K, reserved 1087488K
  class space    used 4696K, capacity 4909K, committed 4992K, reserved 1048576K
Event: 67.966 GC heap after
Heap after GC invocations=15 (full 2):
 PSYoungGen      total 300544K, used 7950K [0x00000000d5580000, 0x00000000ed200000, 0x0000000100000000)
  eden space 291840K, 0% used [0x00000000d5580000,0x00000000d5580000,0x00000000e7280000)
  from space 8704K, 91% used [0x00000000e7280000,0x00000000e7a43aa8,0x00000000e7b00000)
  to   space 9216K, 0% used [0x00000000ec900000,0x00000000ec900000,0x00000000ed200000)
 ParOldGen       total 78848K, used 10876K [0x0000000080000000, 0x0000000084d00000, 0x00000000d5580000)
  object space 78848K, 13% used [0x0000000080000000,0x0000000080a9f198,0x0000000084d00000)
 Metaspace       used 42312K, capacity 43230K, committed 43352K, reserved 1087488K
  class space    used 4696K, capacity 4909K, committed 4992K, reserved 1048576K
}

